<?xml version="1.0" encoding="UTF-8"?>
<!-- Generated by org.testng.reporters.JUnitXMLReporter -->
<testsuite ignored="0" hostname="Kapil" failures="0" tests="3" name="Default test" time="26.888" errors="0" timestamp="2023-11-06T07:19:53 IST">
  <testcase classname="testCases.CartPageTest" name="ChechOutBtnTest" time="0.146"/>
  <testcase classname="testCases.CartPageTest" name="VerifyCartTitleTest" time="1.495"/>
  <testcase classname="testCases.CartPageTest" name="VerifyCartURLTest" time="0.091"/>
</testsuite> <!-- Default test -->
