<?xml version="1.0" encoding="UTF-8"?>
<!-- Generated by org.testng.reporters.JUnitXMLReporter -->
<testsuite ignored="0" hostname="Kapil" failures="0" tests="7" name="Test11" time="19.985" errors="0" timestamp="2023-11-01T20:40:37 IST">
  <testcase classname="testCases.LoginPageTest" name="verifyURLofApplication" time="0.959"/>
  <testcase classname="testCases.LoginPageTest" name="loginToAppTest" time="0.586"/>
  <testcase classname="testCases.LoginPageTest" name="verifyTitleOfApplication" time="0.065"/>
  <testcase classname="testCases.InventoryPageTest" name="VerifyProductLabelTest" time="0.095"/>
  <testcase classname="testCases.InventoryPageTest" name="VerifyTwitterLogoTest" time="0.064"/>
  <testcase classname="testCases.InventoryPageTest" name="removeToCartTest" time="0.873"/>
  <testcase classname="testCases.InventoryPageTest" name="verifyNumElementCartTest" time="0.697"/>
</testsuite> <!-- Test11 -->
