<?xml version="1.0" encoding="UTF-8"?>
<testng-results ignored="0" total="3" passed="3" failed="0" skipped="0">
  <reporter-output>
    <line>
      <![CDATA[CheckOut to shopping Page]]>
    </line>
    <line>
      <![CDATA[Actual Cart = Your Cart]]>
    </line>
    <line>
      <![CDATA[Actual Cart = https://www.saucedemo.com/cart.html]]>
    </line>
  </reporter-output>
  <suite started-at="2023-11-06T07:19:26 IST" name="Default suite" finished-at="2023-11-06T07:19:53 IST" duration-ms="26888">
    <groups>
    </groups>
    <test started-at="2023-11-06T07:19:26 IST" name="Default test" finished-at="2023-11-06T07:19:53 IST" duration-ms="26888">
      <class name="testCases.CartPageTest">
        <test-method is-config="true" signature="setup()[pri:0, instance:testCases.CartPageTest@13b3d178]" started-at="2023-11-06T07:19:27 IST" name="setup" finished-at="2023-11-06T07:19:42 IST" duration-ms="15177" status="PASS">
          <reporter-output>
          </reporter-output>
        </test-method> <!-- setup -->
        <test-method signature="ChechOutBtnTest()[pri:0, instance:testCases.CartPageTest@13b3d178]" started-at="2023-11-06T07:19:42 IST" name="ChechOutBtnTest" finished-at="2023-11-06T07:19:42 IST" duration-ms="146" status="PASS">
          <reporter-output>
            <line>
              <![CDATA[CheckOut to shopping Page]]>
            </line>
          </reporter-output>
        </test-method> <!-- ChechOutBtnTest -->
        <test-method is-config="true" signature="closeBrowser(org.testng.ITestResult)[pri:0, instance:testCases.CartPageTest@13b3d178]" started-at="2023-11-06T07:19:42 IST" name="closeBrowser" finished-at="2023-11-06T07:19:42 IST" duration-ms="122" status="PASS">
          <params>
            <param index="0">
              <value>
                <![CDATA[[TestResult name=ChechOutBtnTest status=SUCCESS method=CartPageTest.ChechOutBtnTest()[pri:0, instance:testCases.CartPageTest@13b3d178] output=CheckOut to shopping Page]]]>
              </value>
            </param>
          </params>
          <reporter-output>
          </reporter-output>
        </test-method> <!-- closeBrowser -->
        <test-method is-config="true" signature="setup()[pri:0, instance:testCases.CartPageTest@13b3d178]" started-at="2023-11-06T07:19:42 IST" name="setup" finished-at="2023-11-06T07:19:46 IST" duration-ms="4420" status="PASS">
          <reporter-output>
          </reporter-output>
        </test-method> <!-- setup -->
        <test-method signature="VerifyCartTitleTest()[pri:0, instance:testCases.CartPageTest@13b3d178]" started-at="2023-11-06T07:19:46 IST" name="VerifyCartTitleTest" finished-at="2023-11-06T07:19:48 IST" duration-ms="1495" status="PASS">
          <reporter-output>
            <line>
              <![CDATA[Actual Cart = Your Cart]]>
            </line>
          </reporter-output>
        </test-method> <!-- VerifyCartTitleTest -->
        <test-method is-config="true" signature="closeBrowser(org.testng.ITestResult)[pri:0, instance:testCases.CartPageTest@13b3d178]" started-at="2023-11-06T07:19:48 IST" name="closeBrowser" finished-at="2023-11-06T07:19:48 IST" duration-ms="170" status="PASS">
          <params>
            <param index="0">
              <value>
                <![CDATA[[TestResult name=VerifyCartTitleTest status=SUCCESS method=CartPageTest.VerifyCartTitleTest()[pri:0, instance:testCases.CartPageTest@13b3d178] output=Actual Cart = Your Cart]]]>
              </value>
            </param>
          </params>
          <reporter-output>
          </reporter-output>
        </test-method> <!-- closeBrowser -->
        <test-method is-config="true" signature="setup()[pri:0, instance:testCases.CartPageTest@13b3d178]" started-at="2023-11-06T07:19:48 IST" name="setup" finished-at="2023-11-06T07:19:53 IST" duration-ms="4964" status="PASS">
          <reporter-output>
          </reporter-output>
        </test-method> <!-- setup -->
        <test-method signature="VerifyCartURLTest()[pri:0, instance:testCases.CartPageTest@13b3d178]" started-at="2023-11-06T07:19:53 IST" name="VerifyCartURLTest" finished-at="2023-11-06T07:19:53 IST" duration-ms="91" status="PASS">
          <reporter-output>
            <line>
              <![CDATA[Actual Cart = https://www.saucedemo.com/cart.html]]>
            </line>
          </reporter-output>
        </test-method> <!-- VerifyCartURLTest -->
        <test-method is-config="true" signature="closeBrowser(org.testng.ITestResult)[pri:0, instance:testCases.CartPageTest@13b3d178]" started-at="2023-11-06T07:19:53 IST" name="closeBrowser" finished-at="2023-11-06T07:19:53 IST" duration-ms="164" status="PASS">
          <params>
            <param index="0">
              <value>
                <![CDATA[[TestResult name=VerifyCartURLTest status=SUCCESS method=CartPageTest.VerifyCartURLTest()[pri:0, instance:testCases.CartPageTest@13b3d178] output=Actual Cart = https://www.saucedemo.com/cart.html]]]>
              </value>
            </param>
          </params>
          <reporter-output>
          </reporter-output>
        </test-method> <!-- closeBrowser -->
      </class> <!-- testCases.CartPageTest -->
    </test> <!-- Default test -->
  </suite> <!-- Default suite -->
</testng-results>
